<?xml version="1.0" encoding="UTF-8"?>
<!-- Generated by org.testng.reporters.JUnitReportReporter -->
<testsuite skipped="0" hostname="DESKTOP-AMSG348" name="org.techAltum.com.UploadFile_AutoIT" tests="1" failures="0" timestamp="2020-01-12T12:42:16 IST" time="29.681" errors="0">
  <testcase name="uploadFile" time="29.681" classname="org.techAltum.com.UploadFile_AutoIT"/>
</testsuite> <!-- org.techAltum.com.UploadFile_AutoIT -->
