<?xml version="1.0" encoding="UTF-8"?>
<!-- Generated by org.testng.reporters.JUnitReportReporter -->
<testsuite skipped="0" hostname="DESKTOP-AMSG348" name="org.techAltum.com.TC01" tests="1" failures="0" timestamp="2019-11-16T14:13:29 IST" time="39.098" errors="0">
  <testcase name="testCase01" time="39.098" classname="org.techAltum.com.TC01"/>
</testsuite> <!-- org.techAltum.com.TC01 -->
