<?xml version="1.0" encoding="UTF-8"?>
<!-- Generated by org.testng.reporters.JUnitReportReporter -->
<testsuite skipped="0" hostname="DESKTOP-AMSG348" name="org.techAltum.com.UploadFile_Sikuli" tests="1" failures="0" timestamp="2020-01-12T13:12:20 IST" time="49.727" errors="0">
  <testcase name="uploadFile" time="49.727" classname="org.techAltum.com.UploadFile_Sikuli"/>
</testsuite> <!-- org.techAltum.com.UploadFile_Sikuli -->
