<?xml version="1.0" encoding="UTF-8"?>
<!-- Generated by org.testng.reporters.JUnitReportReporter -->
<testsuite skipped="0" hostname="DESKTOP-AMSG348" name="org.techAltum.com.TC02" tests="1" failures="0" timestamp="2019-11-16T14:13:29 IST" time="25.969" errors="0">
  <testcase name="testCase02" time="25.969" classname="org.techAltum.com.TC02"/>
</testsuite> <!-- org.techAltum.com.TC02 -->
